2013-01-04T22:01:26+00:00 ERR (3): Division by zero.
2013-01-04T22:01:26+00:00 ERR (3): #0 C:\comulien\library\Zend\Controller\Action.php(516): IndexController->indexAction()
#1 C:\comulien\library\Zend\Controller\Dispatcher\Standard.php(308): Zend_Controller_Action->dispatch('indexAction')
#2 C:\comulien\library\Zend\Controller\Front.php(954): Zend_Controller_Dispatcher_Standard->dispatch(Object(Zend_Controller_Request_Http), Object(Zend_Controller_Response_Http))
#3 C:\comulien\library\Zend\Application\Bootstrap\Bootstrap.php(97): Zend_Controller_Front->dispatch()
#4 C:\comulien\library\Zend\Application.php(366): Zend_Application_Bootstrap_Bootstrap->run()
#5 C:\comulien\public\index.php(26): Zend_Application->run()
#6 {main}
2013-01-04T22:01:26+00:00 ERR (3): array (
  'controller' => 'index',
  'action' => 'index',
  'module' => 'default',
)
2013-01-04T22:01:46+00:00 ERR (3): Division by zero.
2013-01-04T22:01:46+00:00 ERR (3): #0 C:\comulien\library\Zend\Controller\Action.php(516): IndexController->indexAction()
#1 C:\comulien\library\Zend\Controller\Dispatcher\Standard.php(308): Zend_Controller_Action->dispatch('indexAction')
#2 C:\comulien\library\Zend\Controller\Front.php(954): Zend_Controller_Dispatcher_Standard->dispatch(Object(Zend_Controller_Request_Http), Object(Zend_Controller_Response_Http))
#3 C:\comulien\library\Zend\Application\Bootstrap\Bootstrap.php(97): Zend_Controller_Front->dispatch()
#4 C:\comulien\library\Zend\Application.php(366): Zend_Application_Bootstrap_Bootstrap->run()
#5 C:\comulien\public\index.php(26): Zend_Application->run()
#6 {main}
2013-01-04T22:01:46+00:00 ERR (3): array (
  'controller' => 'index',
  'action' => 'index',
  'module' => 'default',
)
